{
  "uid" : "11a9bab7324b82ca",
  "name" : "test_node[lang2]",
  "fullName" : "test_v2ex_api2.TestV2exApi#test_node",
  "historyId" : "836fcc9233e3cac082bea31586ff993f",
  "time" : {
    "start" : 1605240018522,
    "stop" : 1605240019274,
    "duration" : 752
  },
  "status" : "failed",
  "statusMessage" : "AssertionError: assert 62 == 62888",
  "statusTrace" : "self = <test_v2ex_api2.TestV2exApi object at 0x10b629f28>\nlang = {'id': 62888, 'name': 'php'}\n\n    def test_node(self,lang):\n    \n        url = self.yamlData['url'] + \"?name=%s\"%(lang['name'])\n    \n        r = requests.get(url).json()\n        assert r['name'] == lang['name']\n>       assert r['id'] == lang['id']\nE       assert 62 == 62888\n\ntest_v2ex_api2.py:34: AssertionError",
  "flaky" : false,
  "newFailed" : false,
  "beforeStages" : [ {
    "name" : "lang",
    "time" : {
      "start" : 1605240018521,
      "stop" : 1605240018521,
      "duration" : 0
    },
    "status" : "passed",
    "steps" : [ ],
    "attachments" : [ ],
    "parameters" : [ ],
    "stepsCount" : 0,
    "attachmentsCount" : 0,
    "shouldDisplayMessage" : false,
    "hasContent" : false
  } ],
  "afterStages" : [ ],
  "labels" : [ {
    "name" : "suite",
    "value" : "test_v2ex_api2"
  }, {
    "name" : "subSuite",
    "value" : "TestV2exApi"
  }, {
    "name" : "host",
    "value" : "test"
  }, {
    "name" : "thread",
    "value" : "6183-MainThread"
  }, {
    "name" : "framework",
    "value" : "pytest"
  }, {
    "name" : "language",
    "value" : "cpython3"
  }, {
    "name" : "package",
    "value" : "test_v2ex_api2"
  }, {
    "name" : "resultFormat",
    "value" : "allure2"
  } ],
  "parameters" : [ {
    "name" : "lang",
    "value" : "{'name': 'php', 'id': 62888}"
  } ],
  "links" : [ ],
  "hidden" : false,
  "retry" : false,
  "extra" : {
    "severity" : "normal",
    "retries" : [ {
      "uid" : "34b16585e7d1329e",
      "status" : "failed",
      "statusDetails" : "AssertionError: assert 62 == 62888",
      "time" : {
        "start" : 1605239895286,
        "stop" : 1605239896020,
        "duration" : 734
      }
    } ],
    "categories" : [ {
      "name" : "Product defects",
      "matchedStatuses" : [ ],
      "flaky" : false
    } ],
    "history" : {
      "statistic" : {
        "failed" : 11,
        "broken" : 0,
        "skipped" : 0,
        "passed" : 3,
        "unknown" : 0,
        "total" : 14
      },
      "items" : [ {
        "uid" : "dc4b4fd5074eea1a",
        "reportUrl" : "http://localhost:8080/job/Pytest+Allure+Jenkins%E9%9B%86%E6%88%90/20/allure/#testresult/dc4b4fd5074eea1a",
        "status" : "failed",
        "statusDetails" : "AssertionError: assert 62 == 62888",
        "time" : {
          "start" : 1605239895286,
          "stop" : 1605239896020,
          "duration" : 734
        }
      }, {
        "uid" : "2be71b3dfd016af3",
        "reportUrl" : "http://localhost:8080/job/Pytest+Allure+Jenkins%E9%9B%86%E6%88%90/18/allure/#testresult/2be71b3dfd016af3",
        "status" : "failed",
        "statusDetails" : "AssertionError: assert 62 == 62888",
        "time" : {
          "start" : 1605239455138,
          "stop" : 1605239455854,
          "duration" : 716
        }
      }, {
        "uid" : "e2498a4190252e74",
        "reportUrl" : "http://localhost:8080/job/Pytest+Allure+Jenkins%E9%9B%86%E6%88%90/17/allure/#testresult/e2498a4190252e74",
        "status" : "failed",
        "statusDetails" : "AssertionError: assert 62 == 62888",
        "time" : {
          "start" : 1605239455138,
          "stop" : 1605239455854,
          "duration" : 716
        }
      }, {
        "uid" : "6bbeaffc612f6c05",
        "reportUrl" : "http://localhost:8080/job/Pytest+Allure+Jenkins%E9%9B%86%E6%88%90/16/allure/#testresult/6bbeaffc612f6c05",
        "status" : "failed",
        "statusDetails" : "AssertionError: assert 62 == 62888",
        "time" : {
          "start" : 1605239455138,
          "stop" : 1605239455854,
          "duration" : 716
        }
      }, {
        "uid" : "4b824aa2bf2cf313",
        "reportUrl" : "http://localhost:8080/job/Pytest+Allure+Jenkins%E9%9B%86%E6%88%90/15/allure/#testresult/4b824aa2bf2cf313",
        "status" : "failed",
        "statusDetails" : "AssertionError: assert 62 == 62888",
        "time" : {
          "start" : 1605239455138,
          "stop" : 1605239455854,
          "duration" : 716
        }
      } ]
    },
    "tags" : [ ]
  },
  "source" : "11a9bab7324b82ca.json",
  "parameterValues" : [ "{'name': 'php', 'id': 62888}" ]
}