{
  "uid" : "7ff055ae73bf12b",
  "name" : "test_node[lang0]",
  "fullName" : "test_v2ex_api1.TestV2exApi#test_node",
  "historyId" : "8a29c1aff253280b20b83d0bed833165",
  "time" : {
    "start" : 1605240013118,
    "stop" : 1605240013829,
    "duration" : 711
  },
  "status" : "failed",
  "statusMessage" : "AssertionError: assert 0",
  "statusTrace" : "self = <test_v2ex_api1.TestV2exApi object at 0x10b5e7e10>\nlang = {'name': 'python'}\n\n    def test_node(self,lang):\n    \n        url = self.yamlData['url'] + \"?name=%s\"%(lang['name'])\n    \n        r = requests.get(url).json()\n        assert r['name'] == lang['name']\n>       assert 0\nE       assert 0\n\ntest_v2ex_api1.py:36: AssertionError",
  "flaky" : false,
  "newFailed" : false,
  "beforeStages" : [ {
    "name" : "lang",
    "time" : {
      "start" : 1605240013117,
      "stop" : 1605240013117,
      "duration" : 0
    },
    "status" : "passed",
    "steps" : [ ],
    "attachments" : [ ],
    "parameters" : [ ],
    "stepsCount" : 0,
    "attachmentsCount" : 0,
    "shouldDisplayMessage" : false,
    "hasContent" : false
  } ],
  "afterStages" : [ ],
  "labels" : [ {
    "name" : "suite",
    "value" : "test_v2ex_api1"
  }, {
    "name" : "subSuite",
    "value" : "TestV2exApi"
  }, {
    "name" : "host",
    "value" : "test"
  }, {
    "name" : "thread",
    "value" : "6183-MainThread"
  }, {
    "name" : "framework",
    "value" : "pytest"
  }, {
    "name" : "language",
    "value" : "cpython3"
  }, {
    "name" : "package",
    "value" : "test_v2ex_api1"
  }, {
    "name" : "resultFormat",
    "value" : "allure2"
  } ],
  "parameters" : [ {
    "name" : "lang",
    "value" : "{'name': 'python'}"
  } ],
  "links" : [ ],
  "hidden" : false,
  "retry" : false,
  "extra" : {
    "severity" : "normal",
    "retries" : [ {
      "uid" : "bdb56c84f557c96f",
      "status" : "failed",
      "statusDetails" : "AssertionError: assert 0",
      "time" : {
        "start" : 1605239890846,
        "stop" : 1605239891564,
        "duration" : 718
      }
    } ],
    "categories" : [ {
      "name" : "Product defects",
      "matchedStatuses" : [ ],
      "flaky" : false
    } ],
    "history" : {
      "statistic" : {
        "failed" : 7,
        "broken" : 0,
        "skipped" : 0,
        "passed" : 0,
        "unknown" : 0,
        "total" : 7
      },
      "items" : [ {
        "uid" : "a330e01c5819fd11",
        "reportUrl" : "http://localhost:8080/job/Pytest+Allure+Jenkins%E9%9B%86%E6%88%90/20/allure/#testresult/a330e01c5819fd11",
        "status" : "failed",
        "statusDetails" : "AssertionError: assert 0",
        "time" : {
          "start" : 1605239890846,
          "stop" : 1605239891564,
          "duration" : 718
        }
      }, {
        "uid" : "28c562715f1dd979",
        "reportUrl" : "http://localhost:8080/job/Pytest+Allure+Jenkins%E9%9B%86%E6%88%90/18/allure/#testresult/28c562715f1dd979",
        "status" : "failed",
        "statusDetails" : "AssertionError: assert 0",
        "time" : {
          "start" : 1605239450710,
          "stop" : 1605239451423,
          "duration" : 713
        }
      }, {
        "uid" : "b6fa93f780d0cba5",
        "reportUrl" : "http://localhost:8080/job/Pytest+Allure+Jenkins%E9%9B%86%E6%88%90/17/allure/#testresult/b6fa93f780d0cba5",
        "status" : "failed",
        "statusDetails" : "AssertionError: assert 0",
        "time" : {
          "start" : 1605239450710,
          "stop" : 1605239451423,
          "duration" : 713
        }
      }, {
        "uid" : "a58004f8745d5a3",
        "reportUrl" : "http://localhost:8080/job/Pytest+Allure+Jenkins%E9%9B%86%E6%88%90/16/allure/#testresult/a58004f8745d5a3",
        "status" : "failed",
        "statusDetails" : "AssertionError: assert 0",
        "time" : {
          "start" : 1605239450710,
          "stop" : 1605239451423,
          "duration" : 713
        }
      }, {
        "uid" : "6304d8bdca0a6d38",
        "reportUrl" : "http://localhost:8080/job/Pytest+Allure+Jenkins%E9%9B%86%E6%88%90/15/allure/#testresult/6304d8bdca0a6d38",
        "status" : "failed",
        "statusDetails" : "AssertionError: assert 0",
        "time" : {
          "start" : 1605239450710,
          "stop" : 1605239451423,
          "duration" : 713
        }
      } ]
    },
    "tags" : [ ]
  },
  "source" : "7ff055ae73bf12b.json",
  "parameterValues" : [ "{'name': 'python'}" ]
}