{
  "uid" : "e943813cc79f9446",
  "name" : "test_node[lang1]",
  "fullName" : "test_v2ex_api1.TestV2exApi#test_node",
  "historyId" : "02a2aabecc1ad3e100c68ffc5bafb456",
  "time" : {
    "start" : 1605240013882,
    "stop" : 1605240015557,
    "duration" : 1675
  },
  "status" : "failed",
  "statusMessage" : "AssertionError: assert 0",
  "statusTrace" : "self = <test_v2ex_api1.TestV2exApi object at 0x10b629630>\nlang = {'name': 'java'}\n\n    def test_node(self,lang):\n    \n        url = self.yamlData['url'] + \"?name=%s\"%(lang['name'])\n    \n        r = requests.get(url).json()\n        assert r['name'] == lang['name']\n>       assert 0\nE       assert 0\n\ntest_v2ex_api1.py:36: AssertionError",
  "flaky" : false,
  "newFailed" : false,
  "beforeStages" : [ {
    "name" : "lang",
    "time" : {
      "start" : 1605240013881,
      "stop" : 1605240013881,
      "duration" : 0
    },
    "status" : "passed",
    "steps" : [ ],
    "attachments" : [ ],
    "parameters" : [ ],
    "stepsCount" : 0,
    "attachmentsCount" : 0,
    "shouldDisplayMessage" : false,
    "hasContent" : false
  } ],
  "afterStages" : [ ],
  "labels" : [ {
    "name" : "suite",
    "value" : "test_v2ex_api1"
  }, {
    "name" : "subSuite",
    "value" : "TestV2exApi"
  }, {
    "name" : "host",
    "value" : "test"
  }, {
    "name" : "thread",
    "value" : "6183-MainThread"
  }, {
    "name" : "framework",
    "value" : "pytest"
  }, {
    "name" : "language",
    "value" : "cpython3"
  }, {
    "name" : "package",
    "value" : "test_v2ex_api1"
  }, {
    "name" : "resultFormat",
    "value" : "allure2"
  } ],
  "parameters" : [ {
    "name" : "lang",
    "value" : "{'name': 'java'}"
  } ],
  "links" : [ ],
  "hidden" : false,
  "retry" : false,
  "extra" : {
    "severity" : "normal",
    "retries" : [ {
      "uid" : "c068d6262c943016",
      "status" : "failed",
      "statusDetails" : "AssertionError: assert 0",
      "time" : {
        "start" : 1605239891682,
        "stop" : 1605239892410,
        "duration" : 728
      }
    } ],
    "categories" : [ {
      "name" : "Product defects",
      "matchedStatuses" : [ ],
      "flaky" : false
    } ],
    "history" : {
      "statistic" : {
        "failed" : 7,
        "broken" : 0,
        "skipped" : 0,
        "passed" : 0,
        "unknown" : 0,
        "total" : 7
      },
      "items" : [ {
        "uid" : "ea4db2e668450844",
        "reportUrl" : "http://localhost:8080/job/Pytest+Allure+Jenkins%E9%9B%86%E6%88%90/20/allure/#testresult/ea4db2e668450844",
        "status" : "failed",
        "statusDetails" : "AssertionError: assert 0",
        "time" : {
          "start" : 1605239891682,
          "stop" : 1605239892410,
          "duration" : 728
        }
      }, {
        "uid" : "b0ef9c8d05faf00d",
        "reportUrl" : "http://localhost:8080/job/Pytest+Allure+Jenkins%E9%9B%86%E6%88%90/18/allure/#testresult/b0ef9c8d05faf00d",
        "status" : "failed",
        "statusDetails" : "AssertionError: assert 0",
        "time" : {
          "start" : 1605239451488,
          "stop" : 1605239452210,
          "duration" : 722
        }
      }, {
        "uid" : "8da62b796e65ce52",
        "reportUrl" : "http://localhost:8080/job/Pytest+Allure+Jenkins%E9%9B%86%E6%88%90/17/allure/#testresult/8da62b796e65ce52",
        "status" : "failed",
        "statusDetails" : "AssertionError: assert 0",
        "time" : {
          "start" : 1605239451488,
          "stop" : 1605239452210,
          "duration" : 722
        }
      }, {
        "uid" : "1e49e4a116565872",
        "reportUrl" : "http://localhost:8080/job/Pytest+Allure+Jenkins%E9%9B%86%E6%88%90/16/allure/#testresult/1e49e4a116565872",
        "status" : "failed",
        "statusDetails" : "AssertionError: assert 0",
        "time" : {
          "start" : 1605239451488,
          "stop" : 1605239452210,
          "duration" : 722
        }
      }, {
        "uid" : "3c4961760dbf9777",
        "reportUrl" : "http://localhost:8080/job/Pytest+Allure+Jenkins%E9%9B%86%E6%88%90/15/allure/#testresult/3c4961760dbf9777",
        "status" : "failed",
        "statusDetails" : "AssertionError: assert 0",
        "time" : {
          "start" : 1605239451488,
          "stop" : 1605239452210,
          "duration" : 722
        }
      } ]
    },
    "tags" : [ ]
  },
  "source" : "e943813cc79f9446.json",
  "parameterValues" : [ "{'name': 'java'}" ]
}